<?xml version="1.0" encoding="UTF-8"?>
<!-- Generated by org.testng.reporters.JUnitXMLReporter -->
<testsuite hostname="DESKTOP-GQM23CJ" ignored="0" name="Test" tests="3" failures="1" timestamp="2021-11-17T19:38:32 IST" time="0.242" errors="0">
  <testcase name="setdriver" time="0.116" classname="com.bs.Runner.BigSmallRunner">
    <failure type="java.lang.IllegalStateException" message="The driver executable does not exist: D:\0_BigSmall\Driver\chromedriver.exe">
      <![CDATA[java.lang.IllegalStateException: The driver executable does not exist: D:\0_BigSmall\Driver\chromedriver.exe
at com.google.common.base.Preconditions.checkState(Preconditions.java:518)
at org.openqa.selenium.remote.service.DriverService.checkExecutable(DriverService.java:136)
at org.openqa.selenium.remote.service.DriverService.findExecutable(DriverService.java:131)
at org.openqa.selenium.chrome.ChromeDriverService.access$000(ChromeDriverService.java:32)
at org.openqa.selenium.chrome.ChromeDriverService$Builder.findDefaultExecutable(ChromeDriverService.java:137)
at org.openqa.selenium.remote.service.DriverService$Builder.build(DriverService.java:330)
at org.openqa.selenium.chrome.ChromeDriverService.createDefaultService(ChromeDriverService.java:88)
at org.openqa.selenium.chrome.ChromeDriver.<init>(ChromeDriver.java:124)
at com.bs.Runner.BigSmallRunner.setdriver(BigSmallRunner.java:39)
at java.util.ArrayList.forEach(ArrayList.java:1259)
... Removed 27 stack frames]]>
    </failure>
  </testcase> <!-- setdriver -->
  <testcase name="openwebsite" time="0.0" classname="com.bs.Runner.BigSmallRunner">
    <skipped/>
  </testcase> <!-- openwebsite -->
  <testcase name="login" time="0.0" classname="com.bs.Runner.BigSmallRunner">
    <skipped/>
  </testcase> <!-- login -->
</testsuite> <!-- Test -->
